<?xml version="1.0" encoding="UTF-8"?>
<!-- Generated by org.testng.reporters.JUnitReportReporter -->
<testsuite skipped="0" hostname="DESKTOP-AEJL1M7" name="com.testrunner.TestRunner" tests="1" failures="0" timestamp="22 Nov 2021 03:10:50 GMT" time="12.292" errors="0">
  <testcase name="runScenario" time="12.292" classname="com.testrunner.TestRunner"/>
</testsuite> <!-- com.testrunner.TestRunner -->
